<?xml version="1.0" encoding="UTF-8" ?>
<testsuite errors="0" failures="0" hostname="Pirayas-MacBook-Pro.local" name="RationalTest" skipped="0" tests="7" time="0.191" timestamp="2021-09-07T09:33:03">
  <properties>
[...]
</properties>
  <testcase classname="RationalTest" name="testAdd" time="0.004" />
  <testcase classname="RationalTest" name="testSubtract" time="0.001" />
  <testcase classname="RationalTest" name="TestDivide" time="0.0" />
  <testcase classname="RationalTest" name="TestEquals" time="0.0" />
  <testcase classname="RationalTest" name="TestToString" time="0.005" />
  <testcase classname="RationalTest" name="TestCompareTo" time="0.0" />
  <testcase classname="RationalTest" name="TestMultiply" time="0.0" />
  <system-out><![CDATA[]]></system-out>
  <system-err><![CDATA[]]></system-err>
</testsuite>
